Starting Dynare (version 4.4.3).
Starting preprocessing of the model file ...
Found 10 equation(s).
Evaluating expressions...done
Computing static model derivatives:
 - order 1
Computing dynamic model derivatives:
 - order 1
Processing outputs ...done
Preprocessing completed.
Starting MATLAB/Octave computing.

STEADY-STATE RESULTS:

xV      		 2.31144e-05
piV     		 0.00124075
iV      		 1.26387
ypotV   		 0
rpotV   		 1.26263
debtg   		 -0.00581952
conshk  		 0
govshk  		 0
lumptax 		 -5.81952e-05
yV      		 2.31144e-05

EIGENVALUES:
         Modulus             Real        Imaginary

             0.9              0.9                0
             0.9              0.9                0
           0.995            0.995                0
           1.275            1.275                0
           792.9            792.9                0
       2.424e+16        2.424e+16                0
             Inf              Inf                0


There are 4 eigenvalue(s) larger than 1 in modulus 
for 4 forward-looking variable(s)

The rank condition is verified.


MODEL SUMMARY

  Number of variables:         10
  Number of stochastic shocks: 2
  Number of state variables:   3
  Number of jumpers:           4
  Number of static variables:  5


MATRIX OF COVARIANCE OF EXOGENOUS SHOCKS

Variables     eps_con     eps_gov  
eps_con     1000.000000    0.000000
eps_gov        0.000000    0.000000

POLICY AND TRANSITION FUNCTIONS
                                 xV              piV             iV              ypotV           rpotV           debtg           conshk          govshk          lumptax         yV     
Constant                    0.000023        0.001241        1.263867               0        1.262626       -0.005820               0               0       -0.000058        0.000023
debtg(-1)                          0               0               0               0               0        0.995025               0               0        0.010000               0
conshk(-1)                         0               0       -0.000218        0.001084       -0.000218       -0.000217        0.900000               0               0        0.001084
govshk(-1)                 -0.000002       -0.000004       -0.005456        0.027089       -0.005453        0.174584               0        0.900000               0        0.027088
eps_con                            0               0       -0.000242        0.001204       -0.000242       -0.000241        1.000000               0               0        0.001204
eps_gov                    -0.000002       -0.000004       -0.006062        0.030099       -0.006059        0.193982               0        1.000000               0        0.030097


THEORETICAL MOMENTS

VARIABLE      MEAN    STD. DEV.   VARIANCE 
xV             0.0000     0.0000     0.0000
piV            0.0012     0.0000     0.0000
iV             1.2639     0.0176     0.0003
ypotV          0.0000     0.0873     0.0076
rpotV          1.2626     0.0176     0.0003
debtg         -0.0058     0.7466     0.5574
conshk         0.0000    72.5476  5263.1579
govshk         0.0000     0.0000     0.0000
lumptax       -0.0001     0.0075     0.0001
yV             0.0000     0.0873     0.0076



VARIANCE DECOMPOSITION (in percent)

          eps_con  eps_gov 
xV          100.00     0.00
piV         100.00     0.00
iV          100.00     0.00
ypotV       100.00     0.00
rpotV       100.00     0.00
debtg       100.00     0.00
conshk      100.00     0.00
govshk        0.00   100.00
lumptax     100.00     0.00
yV          100.00     0.00



MATRIX OF CORRELATIONS

Variables      xV      piV       iV     ypotV    rpotV    debtg    conshk  lumptax     yV   
xV            1.0000   1.0000   1.0000  -1.0000   1.0000   0.2239  -1.0000   0.2015  -1.0000
piV           1.0000   1.0000   1.0000  -1.0000   1.0000   0.2239  -1.0000   0.2015  -1.0000
iV            1.0000   1.0000   1.0000  -1.0000   1.0000   0.2239  -1.0000   0.2015  -1.0000
ypotV        -1.0000  -1.0000  -1.0000   1.0000  -1.0000  -0.2239   1.0000  -0.2015   1.0000
rpotV         1.0000   1.0000   1.0000  -1.0000   1.0000   0.2239  -1.0000   0.2015  -1.0000
debtg         0.2239   0.2239   0.2239  -0.2239   0.2239   1.0000  -0.2239   0.9997  -0.2239
conshk       -1.0000  -1.0000  -1.0000   1.0000  -1.0000  -0.2239   1.0000  -0.2015   1.0000
lumptax       0.2015   0.2015   0.2015  -0.2015   0.2015   0.9997  -0.2015   1.0000  -0.2015
yV           -1.0000  -1.0000  -1.0000   1.0000  -1.0000  -0.2239   1.0000  -0.2015   1.0000



COEFFICIENTS OF AUTOCORRELATION

Order        1       2       3       4       5   
xV         0.9000  0.8100  0.7290  0.6561  0.5905
piV        0.9000  0.8100  0.7290  0.6561  0.5905
iV         0.9000  0.8100  0.7290  0.6561  0.5905
ypotV      0.9000  0.8100  0.7290  0.6561  0.5905
rpotV      0.9000  0.8100  0.7290  0.6561  0.5905
debtg      0.9997  0.9990  0.9979  0.9963  0.9945
conshk     0.9000  0.8100  0.7290  0.6561  0.5905
lumptax    0.9997  0.9990  0.9979  0.9963  0.9945
yV         0.9000  0.8100  0.7290  0.6561  0.5905
Total computing time : 0h00m04s
Note: warning(s) encountered in MATLAB/Octave code
